2026-04-21 22:42:33,331 - INFO - Application started
2026-04-21 22:42:33,331 - INFO - Scheduler initialized
2026-04-22 17:26:42,634 - INFO - 🚀 Weather Pipeline System Starting...
2026-04-22 17:26:48,029 - INFO - ✅ System initialized successfully
2026-04-22 17:28:52,206 - INFO - 🚀 Weather Pipeline System Starting...
2026-04-22 17:28:59,864 - INFO - ✅ System initialized successfully
2026-04-22 17:37:16,108 - INFO - 🚀 Weather Pipeline System Starting...
2026-04-22 17:37:20,869 - INFO - ✅ System initialized successfully
2026-04-22 17:39:56,277 - INFO - System health check completed
2026-04-22 17:41:01,436 - INFO - Report generated successfully
2026-04-22 17:42:02,001 - INFO - Application started
2026-04-22 17:42:02,001 - INFO - Scheduler initialized
2026-04-22 17:43:48,849 - INFO - Application started
2026-04-22 17:43:48,849 - INFO - Scheduler initialized
2026-04-22 17:49:26,567 - INFO - 🚀 Weather Pipeline System Starting...
2026-04-22 17:49:26,570 - INFO - System health check completed
2026-04-22 17:49:26,577 - INFO - Report generated successfully
2026-04-22 17:49:29,609 - INFO - ✅ System initialized successfully
2026-04-22 17:51:14,613 - INFO - System health check completed
2026-04-22 17:51:24,729 - INFO - Report generated successfully
2026-04-22 17:53:58,578 - INFO - Application started
2026-04-22 17:53:58,579 - INFO - Scheduler initialized
2026-04-22 17:56:32,352 - INFO - Report generated successfully
2026-04-22 18:00:31,148 - INFO - TEST: App logger working
